Determining if the function _chmod exists failed with the following output:
Change Dir: /Users/apluzhni/Desktop/doom-nukem/libzip/build/CMakeFiles/CMakeTmp

Run Build Command(s):/usr/bin/make cmTC_12e12/fast && /Applications/Xcode.app/Contents/Developer/usr/bin/make -f CMakeFiles/cmTC_12e12.dir/build.make CMakeFiles/cmTC_12e12.dir/build
Building C object CMakeFiles/cmTC_12e12.dir/CheckFunctionExists.c.o
/Applications/Xcode.app/Contents/Developer/Toolchains/XcodeDefault.xctoolchain/usr/bin/cc   -DCHECK_FUNCTION_EXISTS=_chmod   -o CMakeFiles/cmTC_12e12.dir/CheckFunctionExists.c.o   -c /Users/apluzhni/.brew/Cellar/cmake/3.15.3/share/cmake/Modules/CheckFunctionExists.c
Linking C executable cmTC_12e12
/Users/apluzhni/.brew/Cellar/cmake/3.15.3/bin/cmake -E cmake_link_script CMakeFiles/cmTC_12e12.dir/link.txt --verbose=1
/Applications/Xcode.app/Contents/Developer/Toolchains/XcodeDefault.xctoolchain/usr/bin/cc  -DCHECK_FUNCTION_EXISTS=_chmod -Wl,-search_paths_first -Wl,-headerpad_max_install_names   CMakeFiles/cmTC_12e12.dir/CheckFunctionExists.c.o  -o cmTC_12e12 
Undefined symbols for architecture x86_64:
  "__chmod", referenced from:
      _main in CheckFunctionExists.c.o
ld: symbol(s) not found for architecture x86_64
clang: error: linker command failed with exit code 1 (use -v to see invocation)
make[1]: *** [cmTC_12e12] Error 1
make: *** [cmTC_12e12/fast] Error 2



Determining if the function _close exists failed with the following output:
Change Dir: /Users/apluzhni/Desktop/doom-nukem/libzip/build/CMakeFiles/CMakeTmp

Run Build Command(s):/usr/bin/make cmTC_39433/fast && /Applications/Xcode.app/Contents/Developer/usr/bin/make -f CMakeFiles/cmTC_39433.dir/build.make CMakeFiles/cmTC_39433.dir/build
Building C object CMakeFiles/cmTC_39433.dir/CheckFunctionExists.c.o
/Applications/Xcode.app/Contents/Developer/Toolchains/XcodeDefault.xctoolchain/usr/bin/cc   -DCHECK_FUNCTION_EXISTS=_close   -o CMakeFiles/cmTC_39433.dir/CheckFunctionExists.c.o   -c /Users/apluzhni/.brew/Cellar/cmake/3.15.3/share/cmake/Modules/CheckFunctionExists.c
Linking C executable cmTC_39433
/Users/apluzhni/.brew/Cellar/cmake/3.15.3/bin/cmake -E cmake_link_script CMakeFiles/cmTC_39433.dir/link.txt --verbose=1
/Applications/Xcode.app/Contents/Developer/Toolchains/XcodeDefault.xctoolchain/usr/bin/cc  -DCHECK_FUNCTION_EXISTS=_close -Wl,-search_paths_first -Wl,-headerpad_max_install_names   CMakeFiles/cmTC_39433.dir/CheckFunctionExists.c.o  -o cmTC_39433 
Undefined symbols for architecture x86_64:
  "__close", referenced from:
      _main in CheckFunctionExists.c.o
ld: symbol(s) not found for architecture x86_64
clang: error: linker command failed with exit code 1 (use -v to see invocation)
make[1]: *** [cmTC_39433] Error 1
make: *** [cmTC_39433/fast] Error 2



Determining if the function _dup exists failed with the following output:
Change Dir: /Users/apluzhni/Desktop/doom-nukem/libzip/build/CMakeFiles/CMakeTmp

Run Build Command(s):/usr/bin/make cmTC_b4901/fast && /Applications/Xcode.app/Contents/Developer/usr/bin/make -f CMakeFiles/cmTC_b4901.dir/build.make CMakeFiles/cmTC_b4901.dir/build
Building C object CMakeFiles/cmTC_b4901.dir/CheckFunctionExists.c.o
/Applications/Xcode.app/Contents/Developer/Toolchains/XcodeDefault.xctoolchain/usr/bin/cc   -DCHECK_FUNCTION_EXISTS=_dup   -o CMakeFiles/cmTC_b4901.dir/CheckFunctionExists.c.o   -c /Users/apluzhni/.brew/Cellar/cmake/3.15.3/share/cmake/Modules/CheckFunctionExists.c
Linking C executable cmTC_b4901
/Users/apluzhni/.brew/Cellar/cmake/3.15.3/bin/cmake -E cmake_link_script CMakeFiles/cmTC_b4901.dir/link.txt --verbose=1
/Applications/Xcode.app/Contents/Developer/Toolchains/XcodeDefault.xctoolchain/usr/bin/cc  -DCHECK_FUNCTION_EXISTS=_dup -Wl,-search_paths_first -Wl,-headerpad_max_install_names   CMakeFiles/cmTC_b4901.dir/CheckFunctionExists.c.o  -o cmTC_b4901 
Undefined symbols for architecture x86_64:
  "__dup", referenced from:
      _main in CheckFunctionExists.c.o
ld: symbol(s) not found for architecture x86_64
clang: error: linker command failed with exit code 1 (use -v to see invocation)
make[1]: *** [cmTC_b4901] Error 1
make: *** [cmTC_b4901/fast] Error 2



Determining if the function _fdopen exists failed with the following output:
Change Dir: /Users/apluzhni/Desktop/doom-nukem/libzip/build/CMakeFiles/CMakeTmp

Run Build Command(s):/usr/bin/make cmTC_c4862/fast && /Applications/Xcode.app/Contents/Developer/usr/bin/make -f CMakeFiles/cmTC_c4862.dir/build.make CMakeFiles/cmTC_c4862.dir/build
Building C object CMakeFiles/cmTC_c4862.dir/CheckFunctionExists.c.o
/Applications/Xcode.app/Contents/Developer/Toolchains/XcodeDefault.xctoolchain/usr/bin/cc   -DCHECK_FUNCTION_EXISTS=_fdopen   -o CMakeFiles/cmTC_c4862.dir/CheckFunctionExists.c.o   -c /Users/apluzhni/.brew/Cellar/cmake/3.15.3/share/cmake/Modules/CheckFunctionExists.c
Linking C executable cmTC_c4862
/Users/apluzhni/.brew/Cellar/cmake/3.15.3/bin/cmake -E cmake_link_script CMakeFiles/cmTC_c4862.dir/link.txt --verbose=1
/Applications/Xcode.app/Contents/Developer/Toolchains/XcodeDefault.xctoolchain/usr/bin/cc  -DCHECK_FUNCTION_EXISTS=_fdopen -Wl,-search_paths_first -Wl,-headerpad_max_install_names   CMakeFiles/cmTC_c4862.dir/CheckFunctionExists.c.o  -o cmTC_c4862 
Undefined symbols for architecture x86_64:
  "__fdopen", referenced from:
      _main in CheckFunctionExists.c.o
ld: symbol(s) not found for architecture x86_64
clang: error: linker command failed with exit code 1 (use -v to see invocation)
make[1]: *** [cmTC_c4862] Error 1
make: *** [cmTC_c4862/fast] Error 2



Determining if the function _fileno exists failed with the following output:
Change Dir: /Users/apluzhni/Desktop/doom-nukem/libzip/build/CMakeFiles/CMakeTmp

Run Build Command(s):/usr/bin/make cmTC_84ddd/fast && /Applications/Xcode.app/Contents/Developer/usr/bin/make -f CMakeFiles/cmTC_84ddd.dir/build.make CMakeFiles/cmTC_84ddd.dir/build
Building C object CMakeFiles/cmTC_84ddd.dir/CheckFunctionExists.c.o
/Applications/Xcode.app/Contents/Developer/Toolchains/XcodeDefault.xctoolchain/usr/bin/cc   -DCHECK_FUNCTION_EXISTS=_fileno   -o CMakeFiles/cmTC_84ddd.dir/CheckFunctionExists.c.o   -c /Users/apluzhni/.brew/Cellar/cmake/3.15.3/share/cmake/Modules/CheckFunctionExists.c
Linking C executable cmTC_84ddd
/Users/apluzhni/.brew/Cellar/cmake/3.15.3/bin/cmake -E cmake_link_script CMakeFiles/cmTC_84ddd.dir/link.txt --verbose=1
/Applications/Xcode.app/Contents/Developer/Toolchains/XcodeDefault.xctoolchain/usr/bin/cc  -DCHECK_FUNCTION_EXISTS=_fileno -Wl,-search_paths_first -Wl,-headerpad_max_install_names   CMakeFiles/cmTC_84ddd.dir/CheckFunctionExists.c.o  -o cmTC_84ddd 
Undefined symbols for architecture x86_64:
  "__fileno", referenced from:
      _main in CheckFunctionExists.c.o
ld: symbol(s) not found for architecture x86_64
clang: error: linker command failed with exit code 1 (use -v to see invocation)
make[1]: *** [cmTC_84ddd] Error 1
make: *** [cmTC_84ddd/fast] Error 2



Determining if the function _open exists failed with the following output:
Change Dir: /Users/apluzhni/Desktop/doom-nukem/libzip/build/CMakeFiles/CMakeTmp

Run Build Command(s):/usr/bin/make cmTC_c52fe/fast && /Applications/Xcode.app/Contents/Developer/usr/bin/make -f CMakeFiles/cmTC_c52fe.dir/build.make CMakeFiles/cmTC_c52fe.dir/build
Building C object CMakeFiles/cmTC_c52fe.dir/CheckFunctionExists.c.o
/Applications/Xcode.app/Contents/Developer/Toolchains/XcodeDefault.xctoolchain/usr/bin/cc   -DCHECK_FUNCTION_EXISTS=_open   -o CMakeFiles/cmTC_c52fe.dir/CheckFunctionExists.c.o   -c /Users/apluzhni/.brew/Cellar/cmake/3.15.3/share/cmake/Modules/CheckFunctionExists.c
Linking C executable cmTC_c52fe
/Users/apluzhni/.brew/Cellar/cmake/3.15.3/bin/cmake -E cmake_link_script CMakeFiles/cmTC_c52fe.dir/link.txt --verbose=1
/Applications/Xcode.app/Contents/Developer/Toolchains/XcodeDefault.xctoolchain/usr/bin/cc  -DCHECK_FUNCTION_EXISTS=_open -Wl,-search_paths_first -Wl,-headerpad_max_install_names   CMakeFiles/cmTC_c52fe.dir/CheckFunctionExists.c.o  -o cmTC_c52fe 
Undefined symbols for architecture x86_64:
  "__open", referenced from:
      _main in CheckFunctionExists.c.o
ld: symbol(s) not found for architecture x86_64
clang: error: linker command failed with exit code 1 (use -v to see invocation)
make[1]: *** [cmTC_c52fe] Error 1
make: *** [cmTC_c52fe/fast] Error 2



Determining if the function _setmode exists failed with the following output:
Change Dir: /Users/apluzhni/Desktop/doom-nukem/libzip/build/CMakeFiles/CMakeTmp

Run Build Command(s):/usr/bin/make cmTC_6b2a3/fast && /Applications/Xcode.app/Contents/Developer/usr/bin/make -f CMakeFiles/cmTC_6b2a3.dir/build.make CMakeFiles/cmTC_6b2a3.dir/build
Building C object CMakeFiles/cmTC_6b2a3.dir/CheckFunctionExists.c.o
/Applications/Xcode.app/Contents/Developer/Toolchains/XcodeDefault.xctoolchain/usr/bin/cc   -DCHECK_FUNCTION_EXISTS=_setmode   -o CMakeFiles/cmTC_6b2a3.dir/CheckFunctionExists.c.o   -c /Users/apluzhni/.brew/Cellar/cmake/3.15.3/share/cmake/Modules/CheckFunctionExists.c
Linking C executable cmTC_6b2a3
/Users/apluzhni/.brew/Cellar/cmake/3.15.3/bin/cmake -E cmake_link_script CMakeFiles/cmTC_6b2a3.dir/link.txt --verbose=1
/Applications/Xcode.app/Contents/Developer/Toolchains/XcodeDefault.xctoolchain/usr/bin/cc  -DCHECK_FUNCTION_EXISTS=_setmode -Wl,-search_paths_first -Wl,-headerpad_max_install_names   CMakeFiles/cmTC_6b2a3.dir/CheckFunctionExists.c.o  -o cmTC_6b2a3 
Undefined symbols for architecture x86_64:
  "__setmode", referenced from:
      _main in CheckFunctionExists.c.o
ld: symbol(s) not found for architecture x86_64
clang: error: linker command failed with exit code 1 (use -v to see invocation)
make[1]: *** [cmTC_6b2a3] Error 1
make: *** [cmTC_6b2a3/fast] Error 2



Determining if the function _snprintf exists failed with the following output:
Change Dir: /Users/apluzhni/Desktop/doom-nukem/libzip/build/CMakeFiles/CMakeTmp

Run Build Command(s):/usr/bin/make cmTC_a376b/fast && /Applications/Xcode.app/Contents/Developer/usr/bin/make -f CMakeFiles/cmTC_a376b.dir/build.make CMakeFiles/cmTC_a376b.dir/build
Building C object CMakeFiles/cmTC_a376b.dir/CheckFunctionExists.c.o
/Applications/Xcode.app/Contents/Developer/Toolchains/XcodeDefault.xctoolchain/usr/bin/cc   -DCHECK_FUNCTION_EXISTS=_snprintf   -o CMakeFiles/cmTC_a376b.dir/CheckFunctionExists.c.o   -c /Users/apluzhni/.brew/Cellar/cmake/3.15.3/share/cmake/Modules/CheckFunctionExists.c
Linking C executable cmTC_a376b
/Users/apluzhni/.brew/Cellar/cmake/3.15.3/bin/cmake -E cmake_link_script CMakeFiles/cmTC_a376b.dir/link.txt --verbose=1
/Applications/Xcode.app/Contents/Developer/Toolchains/XcodeDefault.xctoolchain/usr/bin/cc  -DCHECK_FUNCTION_EXISTS=_snprintf -Wl,-search_paths_first -Wl,-headerpad_max_install_names   CMakeFiles/cmTC_a376b.dir/CheckFunctionExists.c.o  -o cmTC_a376b 
Undefined symbols for architecture x86_64:
  "__snprintf", referenced from:
      _main in CheckFunctionExists.c.o
ld: symbol(s) not found for architecture x86_64
clang: error: linker command failed with exit code 1 (use -v to see invocation)
make[1]: *** [cmTC_a376b] Error 1
make: *** [cmTC_a376b/fast] Error 2



Determining if the function _strdup exists failed with the following output:
Change Dir: /Users/apluzhni/Desktop/doom-nukem/libzip/build/CMakeFiles/CMakeTmp

Run Build Command(s):/usr/bin/make cmTC_a2784/fast && /Applications/Xcode.app/Contents/Developer/usr/bin/make -f CMakeFiles/cmTC_a2784.dir/build.make CMakeFiles/cmTC_a2784.dir/build
Building C object CMakeFiles/cmTC_a2784.dir/CheckFunctionExists.c.o
/Applications/Xcode.app/Contents/Developer/Toolchains/XcodeDefault.xctoolchain/usr/bin/cc   -DCHECK_FUNCTION_EXISTS=_strdup   -o CMakeFiles/cmTC_a2784.dir/CheckFunctionExists.c.o   -c /Users/apluzhni/.brew/Cellar/cmake/3.15.3/share/cmake/Modules/CheckFunctionExists.c
Linking C executable cmTC_a2784
/Users/apluzhni/.brew/Cellar/cmake/3.15.3/bin/cmake -E cmake_link_script CMakeFiles/cmTC_a2784.dir/link.txt --verbose=1
/Applications/Xcode.app/Contents/Developer/Toolchains/XcodeDefault.xctoolchain/usr/bin/cc  -DCHECK_FUNCTION_EXISTS=_strdup -Wl,-search_paths_first -Wl,-headerpad_max_install_names   CMakeFiles/cmTC_a2784.dir/CheckFunctionExists.c.o  -o cmTC_a2784 
Undefined symbols for architecture x86_64:
  "__strdup", referenced from:
      _main in CheckFunctionExists.c.o
ld: symbol(s) not found for architecture x86_64
clang: error: linker command failed with exit code 1 (use -v to see invocation)
make[1]: *** [cmTC_a2784] Error 1
make: *** [cmTC_a2784/fast] Error 2



Determining if the function _stricmp exists failed with the following output:
Change Dir: /Users/apluzhni/Desktop/doom-nukem/libzip/build/CMakeFiles/CMakeTmp

Run Build Command(s):/usr/bin/make cmTC_43ad6/fast && /Applications/Xcode.app/Contents/Developer/usr/bin/make -f CMakeFiles/cmTC_43ad6.dir/build.make CMakeFiles/cmTC_43ad6.dir/build
Building C object CMakeFiles/cmTC_43ad6.dir/CheckFunctionExists.c.o
/Applications/Xcode.app/Contents/Developer/Toolchains/XcodeDefault.xctoolchain/usr/bin/cc   -DCHECK_FUNCTION_EXISTS=_stricmp   -o CMakeFiles/cmTC_43ad6.dir/CheckFunctionExists.c.o   -c /Users/apluzhni/.brew/Cellar/cmake/3.15.3/share/cmake/Modules/CheckFunctionExists.c
Linking C executable cmTC_43ad6
/Users/apluzhni/.brew/Cellar/cmake/3.15.3/bin/cmake -E cmake_link_script CMakeFiles/cmTC_43ad6.dir/link.txt --verbose=1
/Applications/Xcode.app/Contents/Developer/Toolchains/XcodeDefault.xctoolchain/usr/bin/cc  -DCHECK_FUNCTION_EXISTS=_stricmp -Wl,-search_paths_first -Wl,-headerpad_max_install_names   CMakeFiles/cmTC_43ad6.dir/CheckFunctionExists.c.o  -o cmTC_43ad6 
Undefined symbols for architecture x86_64:
  "__stricmp", referenced from:
      _main in CheckFunctionExists.c.o
ld: symbol(s) not found for architecture x86_64
clang: error: linker command failed with exit code 1 (use -v to see invocation)
make[1]: *** [cmTC_43ad6] Error 1
make: *** [cmTC_43ad6/fast] Error 2



Determining if the function _strtoi64 exists failed with the following output:
Change Dir: /Users/apluzhni/Desktop/doom-nukem/libzip/build/CMakeFiles/CMakeTmp

Run Build Command(s):/usr/bin/make cmTC_21b3c/fast && /Applications/Xcode.app/Contents/Developer/usr/bin/make -f CMakeFiles/cmTC_21b3c.dir/build.make CMakeFiles/cmTC_21b3c.dir/build
Building C object CMakeFiles/cmTC_21b3c.dir/CheckFunctionExists.c.o
/Applications/Xcode.app/Contents/Developer/Toolchains/XcodeDefault.xctoolchain/usr/bin/cc   -DCHECK_FUNCTION_EXISTS=_strtoi64   -o CMakeFiles/cmTC_21b3c.dir/CheckFunctionExists.c.o   -c /Users/apluzhni/.brew/Cellar/cmake/3.15.3/share/cmake/Modules/CheckFunctionExists.c
Linking C executable cmTC_21b3c
/Users/apluzhni/.brew/Cellar/cmake/3.15.3/bin/cmake -E cmake_link_script CMakeFiles/cmTC_21b3c.dir/link.txt --verbose=1
/Applications/Xcode.app/Contents/Developer/Toolchains/XcodeDefault.xctoolchain/usr/bin/cc  -DCHECK_FUNCTION_EXISTS=_strtoi64 -Wl,-search_paths_first -Wl,-headerpad_max_install_names   CMakeFiles/cmTC_21b3c.dir/CheckFunctionExists.c.o  -o cmTC_21b3c 
Undefined symbols for architecture x86_64:
  "__strtoi64", referenced from:
      _main in CheckFunctionExists.c.o
ld: symbol(s) not found for architecture x86_64
clang: error: linker command failed with exit code 1 (use -v to see invocation)
make[1]: *** [cmTC_21b3c] Error 1
make: *** [cmTC_21b3c/fast] Error 2



Determining if the function _strtoui64 exists failed with the following output:
Change Dir: /Users/apluzhni/Desktop/doom-nukem/libzip/build/CMakeFiles/CMakeTmp

Run Build Command(s):/usr/bin/make cmTC_8ed6a/fast && /Applications/Xcode.app/Contents/Developer/usr/bin/make -f CMakeFiles/cmTC_8ed6a.dir/build.make CMakeFiles/cmTC_8ed6a.dir/build
Building C object CMakeFiles/cmTC_8ed6a.dir/CheckFunctionExists.c.o
/Applications/Xcode.app/Contents/Developer/Toolchains/XcodeDefault.xctoolchain/usr/bin/cc   -DCHECK_FUNCTION_EXISTS=_strtoui64   -o CMakeFiles/cmTC_8ed6a.dir/CheckFunctionExists.c.o   -c /Users/apluzhni/.brew/Cellar/cmake/3.15.3/share/cmake/Modules/CheckFunctionExists.c
Linking C executable cmTC_8ed6a
/Users/apluzhni/.brew/Cellar/cmake/3.15.3/bin/cmake -E cmake_link_script CMakeFiles/cmTC_8ed6a.dir/link.txt --verbose=1
/Applications/Xcode.app/Contents/Developer/Toolchains/XcodeDefault.xctoolchain/usr/bin/cc  -DCHECK_FUNCTION_EXISTS=_strtoui64 -Wl,-search_paths_first -Wl,-headerpad_max_install_names   CMakeFiles/cmTC_8ed6a.dir/CheckFunctionExists.c.o  -o cmTC_8ed6a 
Undefined symbols for architecture x86_64:
  "__strtoui64", referenced from:
      _main in CheckFunctionExists.c.o
ld: symbol(s) not found for architecture x86_64
clang: error: linker command failed with exit code 1 (use -v to see invocation)
make[1]: *** [cmTC_8ed6a] Error 1
make: *** [cmTC_8ed6a/fast] Error 2



Determining if the function _umask exists failed with the following output:
Change Dir: /Users/apluzhni/Desktop/doom-nukem/libzip/build/CMakeFiles/CMakeTmp

Run Build Command(s):/usr/bin/make cmTC_51d99/fast && /Applications/Xcode.app/Contents/Developer/usr/bin/make -f CMakeFiles/cmTC_51d99.dir/build.make CMakeFiles/cmTC_51d99.dir/build
Building C object CMakeFiles/cmTC_51d99.dir/CheckFunctionExists.c.o
/Applications/Xcode.app/Contents/Developer/Toolchains/XcodeDefault.xctoolchain/usr/bin/cc   -DCHECK_FUNCTION_EXISTS=_umask   -o CMakeFiles/cmTC_51d99.dir/CheckFunctionExists.c.o   -c /Users/apluzhni/.brew/Cellar/cmake/3.15.3/share/cmake/Modules/CheckFunctionExists.c
Linking C executable cmTC_51d99
/Users/apluzhni/.brew/Cellar/cmake/3.15.3/bin/cmake -E cmake_link_script CMakeFiles/cmTC_51d99.dir/link.txt --verbose=1
/Applications/Xcode.app/Contents/Developer/Toolchains/XcodeDefault.xctoolchain/usr/bin/cc  -DCHECK_FUNCTION_EXISTS=_umask -Wl,-search_paths_first -Wl,-headerpad_max_install_names   CMakeFiles/cmTC_51d99.dir/CheckFunctionExists.c.o  -o cmTC_51d99 
Undefined symbols for architecture x86_64:
  "__umask", referenced from:
      _main in CheckFunctionExists.c.o
ld: symbol(s) not found for architecture x86_64
clang: error: linker command failed with exit code 1 (use -v to see invocation)
make[1]: *** [cmTC_51d99] Error 1
make: *** [cmTC_51d99/fast] Error 2



Determining if the function _unlink exists failed with the following output:
Change Dir: /Users/apluzhni/Desktop/doom-nukem/libzip/build/CMakeFiles/CMakeTmp

Run Build Command(s):/usr/bin/make cmTC_99730/fast && /Applications/Xcode.app/Contents/Developer/usr/bin/make -f CMakeFiles/cmTC_99730.dir/build.make CMakeFiles/cmTC_99730.dir/build
Building C object CMakeFiles/cmTC_99730.dir/CheckFunctionExists.c.o
/Applications/Xcode.app/Contents/Developer/Toolchains/XcodeDefault.xctoolchain/usr/bin/cc   -DCHECK_FUNCTION_EXISTS=_unlink   -o CMakeFiles/cmTC_99730.dir/CheckFunctionExists.c.o   -c /Users/apluzhni/.brew/Cellar/cmake/3.15.3/share/cmake/Modules/CheckFunctionExists.c
Linking C executable cmTC_99730
/Users/apluzhni/.brew/Cellar/cmake/3.15.3/bin/cmake -E cmake_link_script CMakeFiles/cmTC_99730.dir/link.txt --verbose=1
/Applications/Xcode.app/Contents/Developer/Toolchains/XcodeDefault.xctoolchain/usr/bin/cc  -DCHECK_FUNCTION_EXISTS=_unlink -Wl,-search_paths_first -Wl,-headerpad_max_install_names   CMakeFiles/cmTC_99730.dir/CheckFunctionExists.c.o  -o cmTC_99730 
Undefined symbols for architecture x86_64:
  "__unlink", referenced from:
      _main in CheckFunctionExists.c.o
ld: symbol(s) not found for architecture x86_64
clang: error: linker command failed with exit code 1 (use -v to see invocation)
make[1]: *** [cmTC_99730] Error 1
make: *** [cmTC_99730/fast] Error 2



Determining if the function explicit_bzero exists failed with the following output:
Change Dir: /Users/apluzhni/Desktop/doom-nukem/libzip/build/CMakeFiles/CMakeTmp

Run Build Command(s):/usr/bin/make cmTC_100d7/fast && /Applications/Xcode.app/Contents/Developer/usr/bin/make -f CMakeFiles/cmTC_100d7.dir/build.make CMakeFiles/cmTC_100d7.dir/build
Building C object CMakeFiles/cmTC_100d7.dir/CheckFunctionExists.c.o
/Applications/Xcode.app/Contents/Developer/Toolchains/XcodeDefault.xctoolchain/usr/bin/cc   -DCHECK_FUNCTION_EXISTS=explicit_bzero   -o CMakeFiles/cmTC_100d7.dir/CheckFunctionExists.c.o   -c /Users/apluzhni/.brew/Cellar/cmake/3.15.3/share/cmake/Modules/CheckFunctionExists.c
Linking C executable cmTC_100d7
/Users/apluzhni/.brew/Cellar/cmake/3.15.3/bin/cmake -E cmake_link_script CMakeFiles/cmTC_100d7.dir/link.txt --verbose=1
/Applications/Xcode.app/Contents/Developer/Toolchains/XcodeDefault.xctoolchain/usr/bin/cc  -DCHECK_FUNCTION_EXISTS=explicit_bzero -Wl,-search_paths_first -Wl,-headerpad_max_install_names   CMakeFiles/cmTC_100d7.dir/CheckFunctionExists.c.o  -o cmTC_100d7 
Undefined symbols for architecture x86_64:
  "_explicit_bzero", referenced from:
      _main in CheckFunctionExists.c.o
ld: symbol(s) not found for architecture x86_64
clang: error: linker command failed with exit code 1 (use -v to see invocation)
make[1]: *** [cmTC_100d7] Error 1
make: *** [cmTC_100d7/fast] Error 2



Determining if the function explicit_memset exists failed with the following output:
Change Dir: /Users/apluzhni/Desktop/doom-nukem/libzip/build/CMakeFiles/CMakeTmp

Run Build Command(s):/usr/bin/make cmTC_ddc0c/fast && /Applications/Xcode.app/Contents/Developer/usr/bin/make -f CMakeFiles/cmTC_ddc0c.dir/build.make CMakeFiles/cmTC_ddc0c.dir/build
Building C object CMakeFiles/cmTC_ddc0c.dir/CheckFunctionExists.c.o
/Applications/Xcode.app/Contents/Developer/Toolchains/XcodeDefault.xctoolchain/usr/bin/cc   -DCHECK_FUNCTION_EXISTS=explicit_memset   -o CMakeFiles/cmTC_ddc0c.dir/CheckFunctionExists.c.o   -c /Users/apluzhni/.brew/Cellar/cmake/3.15.3/share/cmake/Modules/CheckFunctionExists.c
Linking C executable cmTC_ddc0c
/Users/apluzhni/.brew/Cellar/cmake/3.15.3/bin/cmake -E cmake_link_script CMakeFiles/cmTC_ddc0c.dir/link.txt --verbose=1
/Applications/Xcode.app/Contents/Developer/Toolchains/XcodeDefault.xctoolchain/usr/bin/cc  -DCHECK_FUNCTION_EXISTS=explicit_memset -Wl,-search_paths_first -Wl,-headerpad_max_install_names   CMakeFiles/cmTC_ddc0c.dir/CheckFunctionExists.c.o  -o cmTC_ddc0c 
Undefined symbols for architecture x86_64:
  "_explicit_memset", referenced from:
      _main in CheckFunctionExists.c.o
ld: symbol(s) not found for architecture x86_64
clang: error: linker command failed with exit code 1 (use -v to see invocation)
make[1]: *** [cmTC_ddc0c] Error 1
make: *** [cmTC_ddc0c/fast] Error 2



Determining if the function stricmp exists failed with the following output:
Change Dir: /Users/apluzhni/Desktop/doom-nukem/libzip/build/CMakeFiles/CMakeTmp

Run Build Command(s):/usr/bin/make cmTC_87e39/fast && /Applications/Xcode.app/Contents/Developer/usr/bin/make -f CMakeFiles/cmTC_87e39.dir/build.make CMakeFiles/cmTC_87e39.dir/build
Building C object CMakeFiles/cmTC_87e39.dir/CheckFunctionExists.c.o
/Applications/Xcode.app/Contents/Developer/Toolchains/XcodeDefault.xctoolchain/usr/bin/cc   -DCHECK_FUNCTION_EXISTS=stricmp   -o CMakeFiles/cmTC_87e39.dir/CheckFunctionExists.c.o   -c /Users/apluzhni/.brew/Cellar/cmake/3.15.3/share/cmake/Modules/CheckFunctionExists.c
Linking C executable cmTC_87e39
/Users/apluzhni/.brew/Cellar/cmake/3.15.3/bin/cmake -E cmake_link_script CMakeFiles/cmTC_87e39.dir/link.txt --verbose=1
/Applications/Xcode.app/Contents/Developer/Toolchains/XcodeDefault.xctoolchain/usr/bin/cc  -DCHECK_FUNCTION_EXISTS=stricmp -Wl,-search_paths_first -Wl,-headerpad_max_install_names   CMakeFiles/cmTC_87e39.dir/CheckFunctionExists.c.o  -o cmTC_87e39 
Undefined symbols for architecture x86_64:
  "_stricmp", referenced from:
      _main in CheckFunctionExists.c.o
ld: symbol(s) not found for architecture x86_64
clang: error: linker command failed with exit code 1 (use -v to see invocation)
make[1]: *** [cmTC_87e39] Error 1
make: *** [cmTC_87e39/fast] Error 2



Determining size of __int8 failed with the following output:
Change Dir: /Users/apluzhni/Desktop/doom-nukem/libzip/build/CMakeFiles/CMakeTmp

Run Build Command(s):/usr/bin/make cmTC_1bf1d/fast && /Applications/Xcode.app/Contents/Developer/usr/bin/make -f CMakeFiles/cmTC_1bf1d.dir/build.make CMakeFiles/cmTC_1bf1d.dir/build
Building C object CMakeFiles/cmTC_1bf1d.dir/__INT8_LIBZIP.c.o
/Applications/Xcode.app/Contents/Developer/Toolchains/XcodeDefault.xctoolchain/usr/bin/cc    -o CMakeFiles/cmTC_1bf1d.dir/__INT8_LIBZIP.c.o   -c /Users/apluzhni/Desktop/doom-nukem/libzip/build/CMakeFiles/CheckTypeSize/__INT8_LIBZIP.c
/Users/apluzhni/Desktop/doom-nukem/libzip/build/CMakeFiles/CheckTypeSize/__INT8_LIBZIP.c:25:12: error: use of undeclared identifier '__int8'
  ('0' + ((SIZE / 10000)%10)),
           ^
/Users/apluzhni/Desktop/doom-nukem/libzip/build/CMakeFiles/CheckTypeSize/__INT8_LIBZIP.c:23:22: note: expanded from macro 'SIZE'
#define SIZE (sizeof(__int8))
                     ^
/Users/apluzhni/Desktop/doom-nukem/libzip/build/CMakeFiles/CheckTypeSize/__INT8_LIBZIP.c:26:12: error: use of undeclared identifier '__int8'
  ('0' + ((SIZE / 1000)%10)),
           ^
/Users/apluzhni/Desktop/doom-nukem/libzip/build/CMakeFiles/CheckTypeSize/__INT8_LIBZIP.c:23:22: note: expanded from macro 'SIZE'
#define SIZE (sizeof(__int8))
                     ^
/Users/apluzhni/Desktop/doom-nukem/libzip/build/CMakeFiles/CheckTypeSize/__INT8_LIBZIP.c:27:12: error: use of undeclared identifier '__int8'
  ('0' + ((SIZE / 100)%10)),
           ^
/Users/apluzhni/Desktop/doom-nukem/libzip/build/CMakeFiles/CheckTypeSize/__INT8_LIBZIP.c:23:22: note: expanded from macro 'SIZE'
#define SIZE (sizeof(__int8))
                     ^
/Users/apluzhni/Desktop/doom-nukem/libzip/build/CMakeFiles/CheckTypeSize/__INT8_LIBZIP.c:28:12: error: use of undeclared identifier '__int8'
  ('0' + ((SIZE / 10)%10)),
           ^
/Users/apluzhni/Desktop/doom-nukem/libzip/build/CMakeFiles/CheckTypeSize/__INT8_LIBZIP.c:23:22: note: expanded from macro 'SIZE'
#define SIZE (sizeof(__int8))
                     ^
/Users/apluzhni/Desktop/doom-nukem/libzip/build/CMakeFiles/CheckTypeSize/__INT8_LIBZIP.c:29:12: error: use of undeclared identifier '__int8'
  ('0' +  (SIZE    % 10)),
           ^
/Users/apluzhni/Desktop/doom-nukem/libzip/build/CMakeFiles/CheckTypeSize/__INT8_LIBZIP.c:23:22: note: expanded from macro 'SIZE'
#define SIZE (sizeof(__int8))
                     ^
5 errors generated.
make[1]: *** [CMakeFiles/cmTC_1bf1d.dir/__INT8_LIBZIP.c.o] Error 1
make: *** [cmTC_1bf1d/fast] Error 2


/Users/apluzhni/Desktop/doom-nukem/libzip/build/CMakeFiles/CheckTypeSize/__INT8_LIBZIP.c:
#include <sys/types.h>
#include <stdint.h>
#include <stddef.h>


#undef KEY
#if defined(__i386)
# define KEY '_','_','i','3','8','6'
#elif defined(__x86_64)
# define KEY '_','_','x','8','6','_','6','4'
#elif defined(__ppc__)
# define KEY '_','_','p','p','c','_','_'
#elif defined(__ppc64__)
# define KEY '_','_','p','p','c','6','4','_','_'
#elif defined(__aarch64__)
# define KEY '_','_','a','a','r','c','h','6','4','_','_'
#elif defined(__ARM_ARCH_7A__)
# define KEY '_','_','A','R','M','_','A','R','C','H','_','7','A','_','_'
#elif defined(__ARM_ARCH_7S__)
# define KEY '_','_','A','R','M','_','A','R','C','H','_','7','S','_','_'
#endif

#define SIZE (sizeof(__int8))
static char info_size[] =  {'I', 'N', 'F', 'O', ':', 's','i','z','e','[',
  ('0' + ((SIZE / 10000)%10)),
  ('0' + ((SIZE / 1000)%10)),
  ('0' + ((SIZE / 100)%10)),
  ('0' + ((SIZE / 10)%10)),
  ('0' +  (SIZE    % 10)),
  ']',
#ifdef KEY
  ' ','k','e','y','[', KEY, ']',
#endif
  '\0'};

#ifdef __CLASSIC_C__
int main(argc, argv) int argc; char *argv[];
#else
int main(int argc, char *argv[])
#endif
{
  int require = 0;
  require += info_size[argc];
  (void)argv;
  return require;
}


Determining size of __int16 failed with the following output:
Change Dir: /Users/apluzhni/Desktop/doom-nukem/libzip/build/CMakeFiles/CMakeTmp

Run Build Command(s):/usr/bin/make cmTC_ef016/fast && /Applications/Xcode.app/Contents/Developer/usr/bin/make -f CMakeFiles/cmTC_ef016.dir/build.make CMakeFiles/cmTC_ef016.dir/build
Building C object CMakeFiles/cmTC_ef016.dir/__INT16_LIBZIP.c.o
/Applications/Xcode.app/Contents/Developer/Toolchains/XcodeDefault.xctoolchain/usr/bin/cc    -o CMakeFiles/cmTC_ef016.dir/__INT16_LIBZIP.c.o   -c /Users/apluzhni/Desktop/doom-nukem/libzip/build/CMakeFiles/CheckTypeSize/__INT16_LIBZIP.c
/Users/apluzhni/Desktop/doom-nukem/libzip/build/CMakeFiles/CheckTypeSize/__INT16_LIBZIP.c:25:12: error: use of undeclared identifier '__int16'
  ('0' + ((SIZE / 10000)%10)),
           ^
/Users/apluzhni/Desktop/doom-nukem/libzip/build/CMakeFiles/CheckTypeSize/__INT16_LIBZIP.c:23:22: note: expanded from macro 'SIZE'
#define SIZE (sizeof(__int16))
                     ^
/Users/apluzhni/Desktop/doom-nukem/libzip/build/CMakeFiles/CheckTypeSize/__INT16_LIBZIP.c:26:12: error: use of undeclared identifier '__int16'
  ('0' + ((SIZE / 1000)%10)),
           ^
/Users/apluzhni/Desktop/doom-nukem/libzip/build/CMakeFiles/CheckTypeSize/__INT16_LIBZIP.c:23:22: note: expanded from macro 'SIZE'
#define SIZE (sizeof(__int16))
                     ^
/Users/apluzhni/Desktop/doom-nukem/libzip/build/CMakeFiles/CheckTypeSize/__INT16_LIBZIP.c:27:12: error: use of undeclared identifier '__int16'
  ('0' + ((SIZE / 100)%10)),
           ^
/Users/apluzhni/Desktop/doom-nukem/libzip/build/CMakeFiles/CheckTypeSize/__INT16_LIBZIP.c:23:22: note: expanded from macro 'SIZE'
#define SIZE (sizeof(__int16))
                     ^
/Users/apluzhni/Desktop/doom-nukem/libzip/build/CMakeFiles/CheckTypeSize/__INT16_LIBZIP.c:28:12: error: use of undeclared identifier '__int16'
  ('0' + ((SIZE / 10)%10)),
           ^
/Users/apluzhni/Desktop/doom-nukem/libzip/build/CMakeFiles/CheckTypeSize/__INT16_LIBZIP.c:23:22: note: expanded from macro 'SIZE'
#define SIZE (sizeof(__int16))
                     ^
/Users/apluzhni/Desktop/doom-nukem/libzip/build/CMakeFiles/CheckTypeSize/__INT16_LIBZIP.c:29:12: error: use of undeclared identifier '__int16'
  ('0' +  (SIZE    % 10)),
           ^
/Users/apluzhni/Desktop/doom-nukem/libzip/build/CMakeFiles/CheckTypeSize/__INT16_LIBZIP.c:23:22: note: expanded from macro 'SIZE'
#define SIZE (sizeof(__int16))
                     ^
5 errors generated.
make[1]: *** [CMakeFiles/cmTC_ef016.dir/__INT16_LIBZIP.c.o] Error 1
make: *** [cmTC_ef016/fast] Error 2


/Users/apluzhni/Desktop/doom-nukem/libzip/build/CMakeFiles/CheckTypeSize/__INT16_LIBZIP.c:
#include <sys/types.h>
#include <stdint.h>
#include <stddef.h>


#undef KEY
#if defined(__i386)
# define KEY '_','_','i','3','8','6'
#elif defined(__x86_64)
# define KEY '_','_','x','8','6','_','6','4'
#elif defined(__ppc__)
# define KEY '_','_','p','p','c','_','_'
#elif defined(__ppc64__)
# define KEY '_','_','p','p','c','6','4','_','_'
#elif defined(__aarch64__)
# define KEY '_','_','a','a','r','c','h','6','4','_','_'
#elif defined(__ARM_ARCH_7A__)
# define KEY '_','_','A','R','M','_','A','R','C','H','_','7','A','_','_'
#elif defined(__ARM_ARCH_7S__)
# define KEY '_','_','A','R','M','_','A','R','C','H','_','7','S','_','_'
#endif

#define SIZE (sizeof(__int16))
static char info_size[] =  {'I', 'N', 'F', 'O', ':', 's','i','z','e','[',
  ('0' + ((SIZE / 10000)%10)),
  ('0' + ((SIZE / 1000)%10)),
  ('0' + ((SIZE / 100)%10)),
  ('0' + ((SIZE / 10)%10)),
  ('0' +  (SIZE    % 10)),
  ']',
#ifdef KEY
  ' ','k','e','y','[', KEY, ']',
#endif
  '\0'};

#ifdef __CLASSIC_C__
int main(argc, argv) int argc; char *argv[];
#else
int main(int argc, char *argv[])
#endif
{
  int require = 0;
  require += info_size[argc];
  (void)argv;
  return require;
}


Determining size of __int32 failed with the following output:
Change Dir: /Users/apluzhni/Desktop/doom-nukem/libzip/build/CMakeFiles/CMakeTmp

Run Build Command(s):/usr/bin/make cmTC_a6111/fast && /Applications/Xcode.app/Contents/Developer/usr/bin/make -f CMakeFiles/cmTC_a6111.dir/build.make CMakeFiles/cmTC_a6111.dir/build
Building C object CMakeFiles/cmTC_a6111.dir/__INT32_LIBZIP.c.o
/Applications/Xcode.app/Contents/Developer/Toolchains/XcodeDefault.xctoolchain/usr/bin/cc    -o CMakeFiles/cmTC_a6111.dir/__INT32_LIBZIP.c.o   -c /Users/apluzhni/Desktop/doom-nukem/libzip/build/CMakeFiles/CheckTypeSize/__INT32_LIBZIP.c
/Users/apluzhni/Desktop/doom-nukem/libzip/build/CMakeFiles/CheckTypeSize/__INT32_LIBZIP.c:25:12: error: use of undeclared identifier '__int32'
  ('0' + ((SIZE / 10000)%10)),
           ^
/Users/apluzhni/Desktop/doom-nukem/libzip/build/CMakeFiles/CheckTypeSize/__INT32_LIBZIP.c:23:22: note: expanded from macro 'SIZE'
#define SIZE (sizeof(__int32))
                     ^
/Users/apluzhni/Desktop/doom-nukem/libzip/build/CMakeFiles/CheckTypeSize/__INT32_LIBZIP.c:26:12: error: use of undeclared identifier '__int32'
  ('0' + ((SIZE / 1000)%10)),
           ^
/Users/apluzhni/Desktop/doom-nukem/libzip/build/CMakeFiles/CheckTypeSize/__INT32_LIBZIP.c:23:22: note: expanded from macro 'SIZE'
#define SIZE (sizeof(__int32))
                     ^
/Users/apluzhni/Desktop/doom-nukem/libzip/build/CMakeFiles/CheckTypeSize/__INT32_LIBZIP.c:27:12: error: use of undeclared identifier '__int32'
  ('0' + ((SIZE / 100)%10)),
           ^
/Users/apluzhni/Desktop/doom-nukem/libzip/build/CMakeFiles/CheckTypeSize/__INT32_LIBZIP.c:23:22: note: expanded from macro 'SIZE'
#define SIZE (sizeof(__int32))
                     ^
/Users/apluzhni/Desktop/doom-nukem/libzip/build/CMakeFiles/CheckTypeSize/__INT32_LIBZIP.c:28:12: error: use of undeclared identifier '__int32'
  ('0' + ((SIZE / 10)%10)),
           ^
/Users/apluzhni/Desktop/doom-nukem/libzip/build/CMakeFiles/CheckTypeSize/__INT32_LIBZIP.c:23:22: note: expanded from macro 'SIZE'
#define SIZE (sizeof(__int32))
                     ^
/Users/apluzhni/Desktop/doom-nukem/libzip/build/CMakeFiles/CheckTypeSize/__INT32_LIBZIP.c:29:12: error: use of undeclared identifier '__int32'
  ('0' +  (SIZE    % 10)),
           ^
/Users/apluzhni/Desktop/doom-nukem/libzip/build/CMakeFiles/CheckTypeSize/__INT32_LIBZIP.c:23:22: note: expanded from macro 'SIZE'
#define SIZE (sizeof(__int32))
                     ^
5 errors generated.
make[1]: *** [CMakeFiles/cmTC_a6111.dir/__INT32_LIBZIP.c.o] Error 1
make: *** [cmTC_a6111/fast] Error 2


/Users/apluzhni/Desktop/doom-nukem/libzip/build/CMakeFiles/CheckTypeSize/__INT32_LIBZIP.c:
#include <sys/types.h>
#include <stdint.h>
#include <stddef.h>


#undef KEY
#if defined(__i386)
# define KEY '_','_','i','3','8','6'
#elif defined(__x86_64)
# define KEY '_','_','x','8','6','_','6','4'
#elif defined(__ppc__)
# define KEY '_','_','p','p','c','_','_'
#elif defined(__ppc64__)
# define KEY '_','_','p','p','c','6','4','_','_'
#elif defined(__aarch64__)
# define KEY '_','_','a','a','r','c','h','6','4','_','_'
#elif defined(__ARM_ARCH_7A__)
# define KEY '_','_','A','R','M','_','A','R','C','H','_','7','A','_','_'
#elif defined(__ARM_ARCH_7S__)
# define KEY '_','_','A','R','M','_','A','R','C','H','_','7','S','_','_'
#endif

#define SIZE (sizeof(__int32))
static char info_size[] =  {'I', 'N', 'F', 'O', ':', 's','i','z','e','[',
  ('0' + ((SIZE / 10000)%10)),
  ('0' + ((SIZE / 1000)%10)),
  ('0' + ((SIZE / 100)%10)),
  ('0' + ((SIZE / 10)%10)),
  ('0' +  (SIZE    % 10)),
  ']',
#ifdef KEY
  ' ','k','e','y','[', KEY, ']',
#endif
  '\0'};

#ifdef __CLASSIC_C__
int main(argc, argv) int argc; char *argv[];
#else
int main(int argc, char *argv[])
#endif
{
  int require = 0;
  require += info_size[argc];
  (void)argv;
  return require;
}


Determining size of __int64 failed with the following output:
Change Dir: /Users/apluzhni/Desktop/doom-nukem/libzip/build/CMakeFiles/CMakeTmp

Run Build Command(s):/usr/bin/make cmTC_57fc4/fast && /Applications/Xcode.app/Contents/Developer/usr/bin/make -f CMakeFiles/cmTC_57fc4.dir/build.make CMakeFiles/cmTC_57fc4.dir/build
Building C object CMakeFiles/cmTC_57fc4.dir/__INT64_LIBZIP.c.o
/Applications/Xcode.app/Contents/Developer/Toolchains/XcodeDefault.xctoolchain/usr/bin/cc    -o CMakeFiles/cmTC_57fc4.dir/__INT64_LIBZIP.c.o   -c /Users/apluzhni/Desktop/doom-nukem/libzip/build/CMakeFiles/CheckTypeSize/__INT64_LIBZIP.c
/Users/apluzhni/Desktop/doom-nukem/libzip/build/CMakeFiles/CheckTypeSize/__INT64_LIBZIP.c:25:12: error: use of undeclared identifier '__int64'
  ('0' + ((SIZE / 10000)%10)),
           ^
/Users/apluzhni/Desktop/doom-nukem/libzip/build/CMakeFiles/CheckTypeSize/__INT64_LIBZIP.c:23:22: note: expanded from macro 'SIZE'
#define SIZE (sizeof(__int64))
                     ^
/Users/apluzhni/Desktop/doom-nukem/libzip/build/CMakeFiles/CheckTypeSize/__INT64_LIBZIP.c:26:12: error: use of undeclared identifier '__int64'
  ('0' + ((SIZE / 1000)%10)),
           ^
/Users/apluzhni/Desktop/doom-nukem/libzip/build/CMakeFiles/CheckTypeSize/__INT64_LIBZIP.c:23:22: note: expanded from macro 'SIZE'
#define SIZE (sizeof(__int64))
                     ^
/Users/apluzhni/Desktop/doom-nukem/libzip/build/CMakeFiles/CheckTypeSize/__INT64_LIBZIP.c:27:12: error: use of undeclared identifier '__int64'
  ('0' + ((SIZE / 100)%10)),
           ^
/Users/apluzhni/Desktop/doom-nukem/libzip/build/CMakeFiles/CheckTypeSize/__INT64_LIBZIP.c:23:22: note: expanded from macro 'SIZE'
#define SIZE (sizeof(__int64))
                     ^
/Users/apluzhni/Desktop/doom-nukem/libzip/build/CMakeFiles/CheckTypeSize/__INT64_LIBZIP.c:28:12: error: use of undeclared identifier '__int64'
  ('0' + ((SIZE / 10)%10)),
           ^
/Users/apluzhni/Desktop/doom-nukem/libzip/build/CMakeFiles/CheckTypeSize/__INT64_LIBZIP.c:23:22: note: expanded from macro 'SIZE'
#define SIZE (sizeof(__int64))
                     ^
/Users/apluzhni/Desktop/doom-nukem/libzip/build/CMakeFiles/CheckTypeSize/__INT64_LIBZIP.c:29:12: error: use of undeclared identifier '__int64'
  ('0' +  (SIZE    % 10)),
           ^
/Users/apluzhni/Desktop/doom-nukem/libzip/build/CMakeFiles/CheckTypeSize/__INT64_LIBZIP.c:23:22: note: expanded from macro 'SIZE'
#define SIZE (sizeof(__int64))
                     ^
5 errors generated.
make[1]: *** [CMakeFiles/cmTC_57fc4.dir/__INT64_LIBZIP.c.o] Error 1
make: *** [cmTC_57fc4/fast] Error 2


/Users/apluzhni/Desktop/doom-nukem/libzip/build/CMakeFiles/CheckTypeSize/__INT64_LIBZIP.c:
#include <sys/types.h>
#include <stdint.h>
#include <stddef.h>


#undef KEY
#if defined(__i386)
# define KEY '_','_','i','3','8','6'
#elif defined(__x86_64)
# define KEY '_','_','x','8','6','_','6','4'
#elif defined(__ppc__)
# define KEY '_','_','p','p','c','_','_'
#elif defined(__ppc64__)
# define KEY '_','_','p','p','c','6','4','_','_'
#elif defined(__aarch64__)
# define KEY '_','_','a','a','r','c','h','6','4','_','_'
#elif defined(__ARM_ARCH_7A__)
# define KEY '_','_','A','R','M','_','A','R','C','H','_','7','A','_','_'
#elif defined(__ARM_ARCH_7S__)
# define KEY '_','_','A','R','M','_','A','R','C','H','_','7','S','_','_'
#endif

#define SIZE (sizeof(__int64))
static char info_size[] =  {'I', 'N', 'F', 'O', ':', 's','i','z','e','[',
  ('0' + ((SIZE / 10000)%10)),
  ('0' + ((SIZE / 1000)%10)),
  ('0' + ((SIZE / 100)%10)),
  ('0' + ((SIZE / 10)%10)),
  ('0' +  (SIZE    % 10)),
  ']',
#ifdef KEY
  ' ','k','e','y','[', KEY, ']',
#endif
  '\0'};

#ifdef __CLASSIC_C__
int main(argc, argv) int argc; char *argv[];
#else
int main(int argc, char *argv[])
#endif
{
  int require = 0;
  require += info_size[argc];
  (void)argv;
  return require;
}


Performing C SOURCE FILE Test HAVE_FICLONERANGE failed with the following output:
Change Dir: /Users/apluzhni/Desktop/doom-nukem/libzip/build/CMakeFiles/CMakeTmp

Run Build Command(s):/usr/bin/make cmTC_b9c82/fast && /Applications/Xcode.app/Contents/Developer/usr/bin/make -f CMakeFiles/cmTC_b9c82.dir/build.make CMakeFiles/cmTC_b9c82.dir/build
Building C object CMakeFiles/cmTC_b9c82.dir/src.c.o
/Applications/Xcode.app/Contents/Developer/Toolchains/XcodeDefault.xctoolchain/usr/bin/cc   -DHAVE_FICLONERANGE   -o CMakeFiles/cmTC_b9c82.dir/src.c.o   -c /Users/apluzhni/Desktop/doom-nukem/libzip/build/CMakeFiles/CMakeTmp/src.c
/Users/apluzhni/Desktop/doom-nukem/libzip/build/CMakeFiles/CMakeTmp/src.c:2:10: fatal error: 'linux/fs.h' file not found
#include <linux/fs.h>
         ^~~~~~~~~~~~
1 error generated.
make[1]: *** [CMakeFiles/cmTC_b9c82.dir/src.c.o] Error 1
make: *** [cmTC_b9c82/fast] Error 2


Source file was:
#include <sys/ioctl.h>
#include <linux/fs.h>
int main(int argc, char *argv[]) { unsigned long x = FICLONERANGE; }
